<?xml version="1.0" encoding="UTF-8"?>
<testsuites>
  <testsuite name="Welcome_test" file="C:\xampp\htdocs\CI_Unit_testing\application\tests\Welcome_test.php" tests="1" assertions="3" errors="0" warnings="0" failures="0" skipped="0" time="0.030216">
    <testcase name="test_get_category_list" class="Welcome_test" classname="Welcome_test" file="C:\xampp\htdocs\CI_Unit_testing\application\tests\Welcome_test.php" line="13" assertions="3" time="0.030216"/>
  </testsuite>
</testsuites>
